Copyright 1986-2022 Xilinx, Inc. All Rights Reserved. Copyright 2022-2025 Advanced Micro Devices, Inc. All Rights Reserved.
------------------------------------------------------------------------------------------------------------------------------------------------------------------------------------------------------------------------------------
| Tool Version : Vivado v.2025.2 (win64) Build 6299465 Fri Nov 14 19:35:11 GMT 2025
| Date         : Tue Jun 30 12:01:14 2026
| Host         : Poopfart69 running 64-bit major release  (build 9200)
| Command      : report_timing_summary -max_paths 10 -routable_nets -report_unconstrained -file ALU_4bit_timing_summary_routed.rpt -pb ALU_4bit_timing_summary_routed.pb -rpx ALU_4bit_timing_summary_routed.rpx -warn_on_violation
| Design       : ALU_4bit
| Device       : 7a35t-cpg236
| Speed File   : -1  PRODUCTION 1.23 2018-06-13
| Design State : Routed
------------------------------------------------------------------------------------------------------------------------------------------------------------------------------------------------------------------------------------

Timing Summary Report

------------------------------------------------------------------------------------------------
| Timer Settings
| --------------
------------------------------------------------------------------------------------------------

  Enable Multi Corner Analysis               :  Yes
  Enable Pessimism Removal                   :  Yes
  Pessimism Removal Resolution               :  Nearest Common Node
  Enable Input Delay Default Clock           :  No
  Enable Preset / Clear Arcs                 :  No
  Disable Flight Delays                      :  No
  Ignore I/O Paths                           :  No
  Timing Early Launch at Borrowing Latches   :  No
  Borrow Time for Max Delay Exceptions       :  Yes
  Merge Timing Exceptions                    :  Yes
  Inter-SLR Compensation                     :  Conservative

  Corner  Analyze    Analyze    
  Name    Max Paths  Min Paths  
  ------  ---------  ---------  
  Slow    Yes        Yes        
  Fast    Yes        Yes        


------------------------------------------------------------------------------------------------
| Report Methodology
| ------------------
------------------------------------------------------------------------------------------------

No report available as report_methodology has not been run prior. Run report_methodology on the current design for the summary of methodology violations.



check_timing report

Table of Contents
-----------------
1. checking no_clock (0)
2. checking constant_clock (0)
3. checking pulse_width_clock (0)
4. checking unconstrained_internal_endpoints (0)
5. checking no_input_delay (0)
6. checking no_output_delay (0)
7. checking multiple_clock (0)
8. checking generated_clocks (0)
9. checking loops (0)
10. checking partial_input_delay (0)
11. checking partial_output_delay (0)
12. checking latch_loops (0)

1. checking no_clock (0)
------------------------
 There are 0 register/latch pins with no clock.


2. checking constant_clock (0)
------------------------------
 There are 0 register/latch pins with constant_clock.


3. checking pulse_width_clock (0)
---------------------------------
 There are 0 register/latch pins which need pulse_width check


4. checking unconstrained_internal_endpoints (0)
------------------------------------------------
 There are 0 pins that are not constrained for maximum delay.

 There are 0 pins that are not constrained for maximum delay due to constant clock.


5. checking no_input_delay (0)
------------------------------
 There are 0 input ports with no input delay specified.

 There are 0 input ports with no input delay but user has a false path constraint.


6. checking no_output_delay (0)
-------------------------------
 There are 0 ports with no output delay specified.

 There are 0 ports with no output delay but user has a false path constraint

 There are 0 ports with no output delay but with a timing clock defined on it or propagating through it


7. checking multiple_clock (0)
------------------------------
 There are 0 register/latch pins with multiple clocks.


8. checking generated_clocks (0)
--------------------------------
 There are 0 generated clocks that are not connected to a clock source.


9. checking loops (0)
---------------------
 There are 0 combinational loops in the design.


10. checking partial_input_delay (0)
------------------------------------
 There are 0 input ports with partial input delay specified.


11. checking partial_output_delay (0)
-------------------------------------
 There are 0 ports with partial output delay specified.


12. checking latch_loops (0)
----------------------------
 There are 0 combinational latch loops in the design through latch input



------------------------------------------------------------------------------------------------
| Design Timing Summary
| ---------------------
------------------------------------------------------------------------------------------------

    WNS(ns)      TNS(ns)  TNS Failing Endpoints  TNS Total Endpoints      WHS(ns)      THS(ns)  THS Failing Endpoints  THS Total Endpoints     WPWS(ns)     TPWS(ns)  TPWS Failing Endpoints  TPWS Total Endpoints  
    -------      -------  ---------------------  -------------------      -------      -------  ---------------------  -------------------     --------     --------  ----------------------  --------------------  
        inf        0.000                      0                    4          inf        0.000                      0                    4           NA           NA                      NA                    NA  


There are no user specified timing constraints.


------------------------------------------------------------------------------------------------
| Clock Summary
| -------------
------------------------------------------------------------------------------------------------


------------------------------------------------------------------------------------------------
| Intra Clock Table
| -----------------
------------------------------------------------------------------------------------------------

Clock             WNS(ns)      TNS(ns)  TNS Failing Endpoints  TNS Total Endpoints      WHS(ns)      THS(ns)  THS Failing Endpoints  THS Total Endpoints     WPWS(ns)     TPWS(ns)  TPWS Failing Endpoints  TPWS Total Endpoints  
-----             -------      -------  ---------------------  -------------------      -------      -------  ---------------------  -------------------     --------     --------  ----------------------  --------------------  


------------------------------------------------------------------------------------------------
| Inter Clock Table
| -----------------
------------------------------------------------------------------------------------------------

From Clock    To Clock          WNS(ns)      TNS(ns)  TNS Failing Endpoints  TNS Total Endpoints      WHS(ns)      THS(ns)  THS Failing Endpoints  THS Total Endpoints  
----------    --------          -------      -------  ---------------------  -------------------      -------      -------  ---------------------  -------------------  


------------------------------------------------------------------------------------------------
| Other Path Groups Table
| -----------------------
------------------------------------------------------------------------------------------------

Path Group    From Clock    To Clock          WNS(ns)      TNS(ns)  TNS Failing Endpoints  TNS Total Endpoints      WHS(ns)      THS(ns)  THS Failing Endpoints  THS Total Endpoints  
----------    ----------    --------          -------      -------  ---------------------  -------------------      -------      -------  ---------------------  -------------------  


------------------------------------------------------------------------------------------------
| User Ignored Path Table
| -----------------------
------------------------------------------------------------------------------------------------

Path Group    From Clock    To Clock    
----------    ----------    --------    


------------------------------------------------------------------------------------------------
| Unconstrained Path Table
| ------------------------
------------------------------------------------------------------------------------------------

Path Group    From Clock    To Clock    
----------    ----------    --------    
(none)                                    


------------------------------------------------------------------------------------------------
| Timing Details
| --------------
------------------------------------------------------------------------------------------------


--------------------------------------------------------------------------------------
Path Group:  (none)
From Clock:  
  To Clock:  

Max Delay             4 Endpoints
Min Delay             4 Endpoints
--------------------------------------------------------------------------------------


Max Delay Paths
--------------------------------------------------------------------------------------
Slack:                    inf
  Source:                 s0
                            (input port)
  Destination:            Output[1]
                            (output port)
  Path Group:             (none)
  Path Type:              Max at Slow Process Corner
  Data Path Delay:        12.366ns  (logic 5.231ns (42.300%)  route 7.135ns (57.700%))
  Logic Levels:           4  (IBUF=1 LUT3=1 LUT6=1 OBUF=1)

    Location             Delay type                Incr(ns)  Path(ns)    Netlist Resource(s)
  -------------------------------------------------------------------    -------------------
    U1                                                0.000     0.000 r  s0 (IN)
                         net (fo=0)                   0.000     0.000    s0
    U1                   IBUF (Prop_ibuf_I_O)         1.453     1.453 r  s0_IBUF_inst/O
                         net (fo=7, routed)           4.318     5.771    s0_IBUF
    SLICE_X0Y13          LUT3 (Prop_lut3_I1_O)        0.124     5.895 r  Output_OBUF[1]_inst_i_2/O
                         net (fo=1, routed)           0.279     6.174    Adder_Subtractor/c1
    SLICE_X0Y13          LUT6 (Prop_lut6_I0_O)        0.124     6.298 r  Output_OBUF[1]_inst_i_1/O
                         net (fo=1, routed)           2.538     8.836    Output_OBUF[1]
    E19                  OBUF (Prop_obuf_I_O)         3.530    12.366 r  Output_OBUF[1]_inst/O
                         net (fo=0)                   0.000    12.366    Output[1]
    E19                                                               r  Output[1] (OUT)
  -------------------------------------------------------------------    -------------------

Slack:                    inf
  Source:                 s0
                            (input port)
  Destination:            Output[3]
                            (output port)
  Path Group:             (none)
  Path Type:              Max at Slow Process Corner
  Data Path Delay:        12.121ns  (logic 5.334ns (44.005%)  route 6.787ns (55.995%))
  Logic Levels:           5  (IBUF=1 LUT5=1 LUT6=2 OBUF=1)

    Location             Delay type                Incr(ns)  Path(ns)    Netlist Resource(s)
  -------------------------------------------------------------------    -------------------
    U1                                                0.000     0.000 r  s0 (IN)
                         net (fo=0)                   0.000     0.000    s0
    U1                   IBUF (Prop_ibuf_I_O)         1.453     1.453 r  s0_IBUF_inst/O
                         net (fo=7, routed)           3.919     5.372    s0_IBUF
    SLICE_X0Y13          LUT5 (Prop_lut5_I2_O)        0.124     5.496 r  Output_OBUF[2]_inst_i_2/O
                         net (fo=2, routed)           0.584     6.080    Adder_Subtractor/c2
    SLICE_X1Y13          LUT6 (Prop_lut6_I4_O)        0.124     6.204 r  Output_OBUF[3]_inst_i_2/O
                         net (fo=1, routed)           0.433     6.637    sum_or_diff[3]
    SLICE_X1Y13          LUT6 (Prop_lut6_I0_O)        0.124     6.761 r  Output_OBUF[3]_inst_i_1/O
                         net (fo=1, routed)           1.851     8.612    Output_OBUF[3]
    V19                  OBUF (Prop_obuf_I_O)         3.509    12.121 r  Output_OBUF[3]_inst/O
                         net (fo=0)                   0.000    12.121    Output[3]
    V19                                                               r  Output[3] (OUT)
  -------------------------------------------------------------------    -------------------

Slack:                    inf
  Source:                 s0
                            (input port)
  Destination:            Output[0]
                            (output port)
  Path Group:             (none)
  Path Type:              Max at Slow Process Corner
  Data Path Delay:        11.553ns  (logic 5.312ns (45.975%)  route 6.242ns (54.025%))
  Logic Levels:           3  (IBUF=1 LUT5=1 OBUF=1)

    Location             Delay type                Incr(ns)  Path(ns)    Netlist Resource(s)
  -------------------------------------------------------------------    -------------------
    U1                                                0.000     0.000 r  s0 (IN)
                         net (fo=0)                   0.000     0.000    s0
    U1                   IBUF (Prop_ibuf_I_O)         1.453     1.453 r  s0_IBUF_inst/O
                         net (fo=7, routed)           4.318     5.771    s0_IBUF
    SLICE_X0Y13          LUT5 (Prop_lut5_I2_O)        0.152     5.923 r  Output_OBUF[0]_inst_i_1/O
                         net (fo=1, routed)           1.923     7.847    Output_OBUF[0]
    U16                  OBUF (Prop_obuf_I_O)         3.707    11.553 r  Output_OBUF[0]_inst/O
                         net (fo=0)                   0.000    11.553    Output[0]
    U16                                                               r  Output[0] (OUT)
  -------------------------------------------------------------------    -------------------

Slack:                    inf
  Source:                 s0
                            (input port)
  Destination:            Output[2]
                            (output port)
  Path Group:             (none)
  Path Type:              Max at Slow Process Corner
  Data Path Delay:        11.283ns  (logic 5.202ns (46.103%)  route 6.081ns (53.897%))
  Logic Levels:           4  (IBUF=1 LUT5=1 LUT6=1 OBUF=1)

    Location             Delay type                Incr(ns)  Path(ns)    Netlist Resource(s)
  -------------------------------------------------------------------    -------------------
    U1                                                0.000     0.000 r  s0 (IN)
                         net (fo=0)                   0.000     0.000    s0
    U1                   IBUF (Prop_ibuf_I_O)         1.453     1.453 r  s0_IBUF_inst/O
                         net (fo=7, routed)           3.919     5.372    s0_IBUF
    SLICE_X0Y13          LUT5 (Prop_lut5_I2_O)        0.124     5.496 r  Output_OBUF[2]_inst_i_2/O
                         net (fo=2, routed)           0.292     5.787    Adder_Subtractor/c2
    SLICE_X0Y13          LUT6 (Prop_lut6_I0_O)        0.124     5.911 r  Output_OBUF[2]_inst_i_1/O
                         net (fo=1, routed)           1.871     7.782    Output_OBUF[2]
    U19                  OBUF (Prop_obuf_I_O)         3.501    11.283 r  Output_OBUF[2]_inst/O
                         net (fo=0)                   0.000    11.283    Output[2]
    U19                                                               r  Output[2] (OUT)
  -------------------------------------------------------------------    -------------------





Min Delay Paths
--------------------------------------------------------------------------------------
Slack:                    inf
  Source:                 A[0]
                            (input port)
  Destination:            Output[0]
                            (output port)
  Path Group:             (none)
  Path Type:              Min at Fast Process Corner
  Data Path Delay:        2.410ns  (logic 1.535ns (63.687%)  route 0.875ns (36.313%))
  Logic Levels:           3  (IBUF=1 LUT5=1 OBUF=1)

    Location             Delay type                Incr(ns)  Path(ns)    Netlist Resource(s)
  -------------------------------------------------------------------    -------------------
    W15                                               0.000     0.000 r  A[0] (IN)
                         net (fo=0)                   0.000     0.000    A[0]
    W15                  IBUF (Prop_ibuf_I_O)         0.219     0.219 r  A_IBUF[0]_inst/O
                         net (fo=3, routed)           0.430     0.649    A_IBUF[0]
    SLICE_X0Y13          LUT5 (Prop_lut5_I3_O)        0.048     0.697 r  Output_OBUF[0]_inst_i_1/O
                         net (fo=1, routed)           0.445     1.142    Output_OBUF[0]
    U16                  OBUF (Prop_obuf_I_O)         1.268     2.410 r  Output_OBUF[0]_inst/O
                         net (fo=0)                   0.000     2.410    Output[0]
    U16                                                               r  Output[0] (OUT)
  -------------------------------------------------------------------    -------------------

Slack:                    inf
  Source:                 B[3]
                            (input port)
  Destination:            Output[3]
                            (output port)
  Path Group:             (none)
  Path Type:              Min at Fast Process Corner
  Data Path Delay:        2.426ns  (logic 1.472ns (60.665%)  route 0.954ns (39.335%))
  Logic Levels:           3  (IBUF=1 LUT6=1 OBUF=1)

    Location             Delay type                Incr(ns)  Path(ns)    Netlist Resource(s)
  -------------------------------------------------------------------    -------------------
    W17                                               0.000     0.000 r  B[3] (IN)
                         net (fo=0)                   0.000     0.000    B[3]
    W17                  IBUF (Prop_ibuf_I_O)         0.217     0.217 r  B_IBUF[3]_inst/O
                         net (fo=2, routed)           0.543     0.760    B_IBUF[3]
    SLICE_X1Y13          LUT6 (Prop_lut6_I5_O)        0.045     0.805 r  Output_OBUF[3]_inst_i_1/O
                         net (fo=1, routed)           0.411     1.216    Output_OBUF[3]
    V19                  OBUF (Prop_obuf_I_O)         1.210     2.426 r  Output_OBUF[3]_inst/O
                         net (fo=0)                   0.000     2.426    Output[3]
    V19                                                               r  Output[3] (OUT)
  -------------------------------------------------------------------    -------------------

Slack:                    inf
  Source:                 B[2]
                            (input port)
  Destination:            Output[2]
                            (output port)
  Path Group:             (none)
  Path Type:              Min at Fast Process Corner
  Data Path Delay:        2.448ns  (logic 1.479ns (60.406%)  route 0.969ns (39.594%))
  Logic Levels:           3  (IBUF=1 LUT6=1 OBUF=1)

    Location             Delay type                Incr(ns)  Path(ns)    Netlist Resource(s)
  -------------------------------------------------------------------    -------------------
    W16                                               0.000     0.000 r  B[2] (IN)
                         net (fo=0)                   0.000     0.000    B[2]
    W16                  IBUF (Prop_ibuf_I_O)         0.232     0.232 r  B_IBUF[2]_inst/O
                         net (fo=2, routed)           0.548     0.779    B_IBUF[2]
    SLICE_X0Y13          LUT6 (Prop_lut6_I5_O)        0.045     0.824 r  Output_OBUF[2]_inst_i_1/O
                         net (fo=1, routed)           0.422     1.246    Output_OBUF[2]
    U19                  OBUF (Prop_obuf_I_O)         1.202     2.448 r  Output_OBUF[2]_inst/O
                         net (fo=0)                   0.000     2.448    Output[2]
    U19                                                               r  Output[2] (OUT)
  -------------------------------------------------------------------    -------------------

Slack:                    inf
  Source:                 A[1]
                            (input port)
  Destination:            Output[1]
                            (output port)
  Path Group:             (none)
  Path Type:              Min at Fast Process Corner
  Data Path Delay:        2.717ns  (logic 1.510ns (55.560%)  route 1.208ns (44.440%))
  Logic Levels:           3  (IBUF=1 LUT6=1 OBUF=1)

    Location             Delay type                Incr(ns)  Path(ns)    Netlist Resource(s)
  -------------------------------------------------------------------    -------------------
    V15                                               0.000     0.000 r  A[1] (IN)
                         net (fo=0)                   0.000     0.000    A[1]
    V15                  IBUF (Prop_ibuf_I_O)         0.234     0.234 r  A_IBUF[1]_inst/O
                         net (fo=2, routed)           0.482     0.716    A_IBUF[1]
    SLICE_X0Y13          LUT6 (Prop_lut6_I4_O)        0.045     0.761 r  Output_OBUF[1]_inst_i_1/O
                         net (fo=1, routed)           0.726     1.487    Output_OBUF[1]
    E19                  OBUF (Prop_obuf_I_O)         1.231     2.717 r  Output_OBUF[1]_inst/O
                         net (fo=0)                   0.000     2.717    Output[1]
    E19                                                               r  Output[1] (OUT)
  -------------------------------------------------------------------    -------------------





